2018-12-11 02:30:39,565 CRIT Supervisor running as root (no user in config file)
2018-12-11 02:30:39,566 INFO Included extra file "/etc/supervisor/conf.d/supervisord.conf" during parsing
2018-12-11 02:30:39,700 INFO RPC interface 'supervisor' initialized
2018-12-11 02:30:39,701 CRIT Server 'unix_http_server' running without any HTTP authentication checking
2018-12-11 02:30:39,703 INFO supervisord started with pid 1
2018-12-11 02:30:40,707 INFO spawned: 'varnishd' with pid 15
2018-12-11 02:30:40,738 INFO spawned: 'php-fpm' with pid 16
2018-12-11 02:30:40,742 INFO spawned: 'varnish-plugins-watcher' with pid 17
2018-12-11 02:30:40,799 INFO spawned: 'nginx' with pid 18
2018-12-11 02:30:40,805 INFO spawned: 'MailHog' with pid 19
2018-12-11 02:30:40,813 INFO spawned: 'mysql' with pid 20
2018-12-11 02:30:40,817 INFO spawned: 'varnish-themes-watcher' with pid 21
2018-12-11 02:30:42,010 INFO success: varnishd entered RUNNING state, process has stayed up for > than 1 seconds (startsecs)
2018-12-11 02:30:42,011 INFO success: php-fpm entered RUNNING state, process has stayed up for > than 1 seconds (startsecs)
2018-12-11 02:30:42,011 INFO success: varnish-plugins-watcher entered RUNNING state, process has stayed up for > than 1 seconds (startsecs)
2018-12-11 02:30:42,011 INFO success: nginx entered RUNNING state, process has stayed up for > than 1 seconds (startsecs)
2018-12-11 02:30:42,012 INFO success: MailHog entered RUNNING state, process has stayed up for > than 1 seconds (startsecs)
2018-12-11 02:30:42,012 INFO success: mysql entered RUNNING state, process has stayed up for > than 1 seconds (startsecs)
2018-12-11 02:30:42,012 INFO success: varnish-themes-watcher entered RUNNING state, process has stayed up for > than 1 seconds (startsecs)
2018-12-11 03:14:18,504 WARN received SIGTERM indicating exit request
2018-12-11 03:14:18,504 INFO waiting for varnishd, php-fpm, varnish-plugins-watcher, nginx, MailHog, mysql, varnish-themes-watcher to die
2018-12-11 03:14:18,985 INFO stopped: varnish-themes-watcher (terminated by SIGTERM)
2018-12-11 03:14:18,985 INFO reaped unknown pid 2456
2018-12-11 03:14:19,034 INFO stopped: mysql (exit status 0)
2018-12-11 03:14:19,037 INFO stopped: MailHog (terminated by SIGTERM)
2018-12-11 03:14:19,044 INFO stopped: nginx (exit status 0)
2018-12-11 03:14:20,049 INFO stopped: varnish-plugins-watcher (terminated by SIGTERM)
2018-12-11 03:14:20,065 INFO stopped: php-fpm (exit status 0)
2018-12-11 03:14:20,982 INFO reaped unknown pid 22
2018-12-11 03:14:21,167 INFO stopped: varnishd (exit status 0)
2018-12-12 01:55:31,640 CRIT Supervisor running as root (no user in config file)
2018-12-12 01:55:31,661 INFO Included extra file "/etc/supervisor/conf.d/supervisord.conf" during parsing
2018-12-12 01:55:31,878 INFO RPC interface 'supervisor' initialized
2018-12-12 01:55:31,899 CRIT Server 'unix_http_server' running without any HTTP authentication checking
2018-12-12 01:55:31,901 INFO supervisord started with pid 1
2018-12-12 01:55:32,905 INFO spawned: 'varnishd' with pid 63
2018-12-12 01:55:32,955 INFO spawned: 'php-fpm' with pid 64
2018-12-12 01:55:32,960 INFO spawned: 'varnish-plugins-watcher' with pid 66
2018-12-12 01:55:33,069 INFO spawned: 'nginx' with pid 70
2018-12-12 01:55:33,076 INFO spawned: 'MailHog' with pid 71
2018-12-12 01:55:33,093 INFO spawned: 'mysql' with pid 72
2018-12-12 01:55:33,103 INFO spawned: 'varnish-themes-watcher' with pid 73
2018-12-12 01:55:34,094 INFO success: varnishd entered RUNNING state, process has stayed up for > than 1 seconds (startsecs)
2018-12-12 01:55:34,095 INFO success: php-fpm entered RUNNING state, process has stayed up for > than 1 seconds (startsecs)
2018-12-12 01:55:34,095 INFO success: varnish-plugins-watcher entered RUNNING state, process has stayed up for > than 1 seconds (startsecs)
2018-12-12 01:55:34,095 INFO success: nginx entered RUNNING state, process has stayed up for > than 1 seconds (startsecs)
2018-12-12 01:55:34,096 INFO success: MailHog entered RUNNING state, process has stayed up for > than 1 seconds (startsecs)
2018-12-12 01:55:34,096 INFO success: mysql entered RUNNING state, process has stayed up for > than 1 seconds (startsecs)
2018-12-12 01:55:34,097 INFO success: varnish-themes-watcher entered RUNNING state, process has stayed up for > than 1 seconds (startsecs)
2018-12-12 03:16:33,549 WARN received SIGTERM indicating exit request
2018-12-12 03:16:33,549 INFO waiting for varnishd, php-fpm, varnish-plugins-watcher, nginx, MailHog, mysql, varnish-themes-watcher to die
2018-12-12 03:16:34,552 INFO stopped: varnish-themes-watcher (terminated by SIGTERM)
2018-12-12 03:16:34,672 INFO stopped: mysql (exit status 0)
2018-12-12 03:16:34,675 INFO stopped: MailHog (terminated by SIGTERM)
2018-12-12 03:16:34,683 INFO stopped: nginx (exit status 0)
2018-12-12 03:16:35,686 INFO stopped: varnish-plugins-watcher (terminated by SIGTERM)
2018-12-12 03:16:35,717 INFO stopped: php-fpm (exit status 0)
2018-12-12 03:16:36,332 INFO reaped unknown pid 82
2018-12-12 03:16:36,729 INFO waiting for varnishd to die
2018-12-12 03:16:36,816 INFO stopped: varnishd (exit status 0)
2018-12-14 02:34:56,314 CRIT Supervisor running as root (no user in config file)
2018-12-14 02:34:56,363 INFO Included extra file "/etc/supervisor/conf.d/supervisord.conf" during parsing
2018-12-14 02:34:56,642 INFO RPC interface 'supervisor' initialized
2018-12-14 02:34:56,653 CRIT Server 'unix_http_server' running without any HTTP authentication checking
2018-12-14 02:34:56,653 INFO supervisord started with pid 1
2018-12-14 02:34:57,664 INFO spawned: 'varnishd' with pid 65
2018-12-14 02:34:57,716 INFO spawned: 'php-fpm' with pid 66
2018-12-14 02:34:57,719 INFO spawned: 'varnish-plugins-watcher' with pid 67
2018-12-14 02:34:57,737 INFO spawned: 'nginx' with pid 68
2018-12-14 02:34:57,753 INFO spawned: 'MailHog' with pid 69
2018-12-14 02:34:57,773 INFO spawned: 'mysql' with pid 70
2018-12-14 02:34:57,783 INFO spawned: 'varnish-themes-watcher' with pid 71
2018-12-14 02:34:58,657 INFO success: varnishd entered RUNNING state, process has stayed up for > than 1 seconds (startsecs)
2018-12-14 02:34:59,361 INFO success: php-fpm entered RUNNING state, process has stayed up for > than 1 seconds (startsecs)
2018-12-14 02:34:59,361 INFO success: varnish-plugins-watcher entered RUNNING state, process has stayed up for > than 1 seconds (startsecs)
2018-12-14 02:34:59,362 INFO success: nginx entered RUNNING state, process has stayed up for > than 1 seconds (startsecs)
2018-12-14 02:34:59,362 INFO success: MailHog entered RUNNING state, process has stayed up for > than 1 seconds (startsecs)
2018-12-14 02:34:59,362 INFO success: mysql entered RUNNING state, process has stayed up for > than 1 seconds (startsecs)
2018-12-14 02:34:59,362 INFO success: varnish-themes-watcher entered RUNNING state, process has stayed up for > than 1 seconds (startsecs)
2018-12-14 15:28:24,984 WARN received SIGTERM indicating exit request
2018-12-14 15:28:24,984 INFO waiting for varnishd, php-fpm, varnish-plugins-watcher, nginx, MailHog, mysql, varnish-themes-watcher to die
2018-12-14 15:28:25,986 INFO stopped: varnish-themes-watcher (terminated by SIGTERM)
2018-12-14 15:28:26,005 INFO stopped: mysql (exit status 0)
2018-12-14 15:28:26,008 INFO stopped: MailHog (terminated by SIGTERM)
2018-12-14 15:28:26,014 INFO stopped: nginx (exit status 0)
2018-12-14 15:28:26,308 INFO stopped: varnish-plugins-watcher (terminated by SIGTERM)
2018-12-14 15:28:26,309 INFO reaped unknown pid 5069
2018-12-14 15:28:26,309 INFO reaped unknown pid 5067
2018-12-14 15:28:26,337 INFO stopped: php-fpm (exit status 0)
2018-12-14 15:28:27,451 INFO stopped: varnishd (exit status 0)
2018-12-16 02:08:08,886 CRIT Supervisor running as root (no user in config file)
2018-12-16 02:08:08,911 INFO Included extra file "/etc/supervisor/conf.d/supervisord.conf" during parsing
2018-12-16 02:08:09,687 INFO RPC interface 'supervisor' initialized
2018-12-16 02:08:09,697 CRIT Server 'unix_http_server' running without any HTTP authentication checking
2018-12-16 02:08:09,726 INFO supervisord started with pid 1
2018-12-16 02:08:10,734 INFO spawned: 'varnishd' with pid 81
2018-12-16 02:08:10,827 INFO spawned: 'php-fpm' with pid 82
2018-12-16 02:08:10,833 INFO spawned: 'varnish-plugins-watcher' with pid 83
2018-12-16 02:08:10,954 INFO spawned: 'nginx' with pid 84
2018-12-16 02:08:10,961 INFO spawned: 'MailHog' with pid 85
2018-12-16 02:08:10,969 INFO spawned: 'mysql' with pid 86
2018-12-16 02:08:10,973 INFO spawned: 'varnish-themes-watcher' with pid 87
2018-12-16 02:08:12,326 INFO success: varnishd entered RUNNING state, process has stayed up for > than 1 seconds (startsecs)
2018-12-16 02:08:12,327 INFO success: php-fpm entered RUNNING state, process has stayed up for > than 1 seconds (startsecs)
2018-12-16 02:08:12,327 INFO success: varnish-plugins-watcher entered RUNNING state, process has stayed up for > than 1 seconds (startsecs)
2018-12-16 02:08:12,328 INFO success: nginx entered RUNNING state, process has stayed up for > than 1 seconds (startsecs)
2018-12-16 02:08:12,328 INFO success: MailHog entered RUNNING state, process has stayed up for > than 1 seconds (startsecs)
2018-12-16 02:08:12,328 INFO success: mysql entered RUNNING state, process has stayed up for > than 1 seconds (startsecs)
2018-12-16 02:08:12,329 INFO success: varnish-themes-watcher entered RUNNING state, process has stayed up for > than 1 seconds (startsecs)
2018-12-16 02:08:28,760 WARN received SIGTERM indicating exit request
2018-12-16 02:08:28,767 INFO waiting for varnishd, php-fpm, varnish-plugins-watcher, nginx, MailHog, mysql, varnish-themes-watcher to die
2018-12-16 02:08:29,770 INFO stopped: varnish-themes-watcher (terminated by SIGTERM)
2018-12-16 02:08:29,972 INFO stopped: mysql (exit status 0)
2018-12-16 02:08:30,034 INFO stopped: MailHog (terminated by SIGTERM)
2018-12-16 02:08:30,068 INFO stopped: nginx (exit status 0)
2018-12-16 02:08:31,071 INFO stopped: varnish-plugins-watcher (terminated by SIGTERM)
2018-12-16 02:08:31,660 INFO stopped: php-fpm (exit status 0)
2018-12-16 02:08:31,669 INFO reaped unknown pid 414
2018-12-16 02:08:31,669 INFO reaped unknown pid 416
2018-12-16 02:08:32,740 INFO waiting for varnishd to die
2018-12-16 02:08:33,159 INFO stopped: varnishd (exit status 0)
2018-12-16 02:09:03,576 CRIT Supervisor running as root (no user in config file)
2018-12-16 02:09:03,593 INFO Included extra file "/etc/supervisor/conf.d/supervisord.conf" during parsing
2018-12-16 02:09:03,786 INFO RPC interface 'supervisor' initialized
2018-12-16 02:09:03,792 CRIT Server 'unix_http_server' running without any HTTP authentication checking
2018-12-16 02:09:03,794 INFO supervisord started with pid 1
2018-12-16 02:09:04,804 INFO spawned: 'varnishd' with pid 51
2018-12-16 02:09:04,814 INFO spawned: 'php-fpm' with pid 52
2018-12-16 02:09:04,827 INFO spawned: 'varnish-plugins-watcher' with pid 53
2018-12-16 02:09:04,833 INFO spawned: 'nginx' with pid 54
2018-12-16 02:09:04,851 INFO spawned: 'MailHog' with pid 56
2018-12-16 02:09:04,876 INFO spawned: 'mysql' with pid 60
2018-12-16 02:09:04,882 INFO spawned: 'varnish-themes-watcher' with pid 61
2018-12-16 02:09:06,014 INFO success: varnishd entered RUNNING state, process has stayed up for > than 1 seconds (startsecs)
2018-12-16 02:09:06,014 INFO success: php-fpm entered RUNNING state, process has stayed up for > than 1 seconds (startsecs)
2018-12-16 02:09:06,015 INFO success: varnish-plugins-watcher entered RUNNING state, process has stayed up for > than 1 seconds (startsecs)
2018-12-16 02:09:06,015 INFO success: nginx entered RUNNING state, process has stayed up for > than 1 seconds (startsecs)
2018-12-16 02:09:06,015 INFO success: MailHog entered RUNNING state, process has stayed up for > than 1 seconds (startsecs)
2018-12-16 02:09:06,015 INFO success: mysql entered RUNNING state, process has stayed up for > than 1 seconds (startsecs)
2018-12-16 02:09:06,015 INFO success: varnish-themes-watcher entered RUNNING state, process has stayed up for > than 1 seconds (startsecs)
2018-12-16 02:12:06,741 INFO exited: varnishd (exit status 0; expected)
2018-12-16 02:12:06,745 INFO spawned: 'varnishd' with pid 498
2018-12-16 02:12:07,748 INFO success: varnishd entered RUNNING state, process has stayed up for > than 1 seconds (startsecs)
2018-12-16 02:12:24,121 INFO exited: varnishd (exit status 0; expected)
2018-12-16 02:12:24,128 INFO spawned: 'varnishd' with pid 756
2018-12-16 02:12:25,094 INFO exited: varnish-plugins-watcher (terminated by SIGTERM; not expected)
2018-12-16 02:12:25,100 INFO spawned: 'varnish-plugins-watcher' with pid 761
2018-12-16 02:12:25,115 INFO exited: varnish-themes-watcher (terminated by SIGTERM; not expected)
2018-12-16 02:12:25,120 INFO spawned: 'varnish-themes-watcher' with pid 763
2018-12-16 02:12:25,138 INFO success: varnishd entered RUNNING state, process has stayed up for > than 1 seconds (startsecs)
2018-12-16 02:12:26,150 INFO success: varnish-plugins-watcher entered RUNNING state, process has stayed up for > than 1 seconds (startsecs)
2018-12-16 02:12:26,151 INFO success: varnish-themes-watcher entered RUNNING state, process has stayed up for > than 1 seconds (startsecs)
